<?xml version="1.0" encoding="UTF-8"?>
<testsuite name="io.nem.symbol.catapult.builders.VectorTest" tests="150" skipped="0" failures="0" errors="0" timestamp="2021-11-25T14:00:36" hostname="mbp-2.local" time="0.656">
  <properties/>
  <testcase name="serialization(BuilderTestItem)[1]" classname="io.nem.symbol.catapult.builders.VectorTest" time="0.049"/>
  <testcase name="serialization(BuilderTestItem)[2]" classname="io.nem.symbol.catapult.builders.VectorTest" time="0.001"/>
  <testcase name="serialization(BuilderTestItem)[3]" classname="io.nem.symbol.catapult.builders.VectorTest" time="0.002"/>
  <testcase name="serialization(BuilderTestItem)[4]" classname="io.nem.symbol.catapult.builders.VectorTest" time="0.002"/>
  <testcase name="serialization(BuilderTestItem)[5]" classname="io.nem.symbol.catapult.builders.VectorTest" time="0.004"/>
  <testcase name="serialization(BuilderTestItem)[6]" classname="io.nem.symbol.catapult.builders.VectorTest" time="0.007"/>
  <testcase name="serialization(BuilderTestItem)[7]" classname="io.nem.symbol.catapult.builders.VectorTest" time="0.011"/>
  <testcase name="serialization(BuilderTestItem)[8]" classname="io.nem.symbol.catapult.builders.VectorTest" time="0.001"/>
  <testcase name="serialization(BuilderTestItem)[9]" classname="io.nem.symbol.catapult.builders.VectorTest" time="0.034"/>
  <testcase name="serialization(BuilderTestItem)[10]" classname="io.nem.symbol.catapult.builders.VectorTest" time="0.009"/>
  <testcase name="serialization(BuilderTestItem)[11]" classname="io.nem.symbol.catapult.builders.VectorTest" time="0.001"/>
  <testcase name="serialization(BuilderTestItem)[12]" classname="io.nem.symbol.catapult.builders.VectorTest" time="0.002"/>
  <testcase name="serialization(BuilderTestItem)[13]" classname="io.nem.symbol.catapult.builders.VectorTest" time="0.003"/>
  <testcase name="serialization(BuilderTestItem)[14]" classname="io.nem.symbol.catapult.builders.VectorTest" time="0.001"/>
  <testcase name="serialization(BuilderTestItem)[15]" classname="io.nem.symbol.catapult.builders.VectorTest" time="0.004"/>
  <testcase name="serialization(BuilderTestItem)[16]" classname="io.nem.symbol.catapult.builders.VectorTest" time="0.003"/>
  <testcase name="serialization(BuilderTestItem)[17]" classname="io.nem.symbol.catapult.builders.VectorTest" time="0.001"/>
  <testcase name="serialization(BuilderTestItem)[18]" classname="io.nem.symbol.catapult.builders.VectorTest" time="0.001"/>
  <testcase name="serialization(BuilderTestItem)[19]" classname="io.nem.symbol.catapult.builders.VectorTest" time="0.004"/>
  <testcase name="serialization(BuilderTestItem)[20]" classname="io.nem.symbol.catapult.builders.VectorTest" time="0.001"/>
  <testcase name="serialization(BuilderTestItem)[21]" classname="io.nem.symbol.catapult.builders.VectorTest" time="0.002"/>
  <testcase name="serialization(BuilderTestItem)[22]" classname="io.nem.symbol.catapult.builders.VectorTest" time="0.01"/>
  <testcase name="serialization(BuilderTestItem)[23]" classname="io.nem.symbol.catapult.builders.VectorTest" time="0.001"/>
  <testcase name="serialization(BuilderTestItem)[24]" classname="io.nem.symbol.catapult.builders.VectorTest" time="0.001"/>
  <testcase name="serialization(BuilderTestItem)[25]" classname="io.nem.symbol.catapult.builders.VectorTest" time="0.001"/>
  <testcase name="serialization(BuilderTestItem)[26]" classname="io.nem.symbol.catapult.builders.VectorTest" time="0.005"/>
  <testcase name="serialization(BuilderTestItem)[27]" classname="io.nem.symbol.catapult.builders.VectorTest" time="0.001"/>
  <testcase name="serialization(BuilderTestItem)[28]" classname="io.nem.symbol.catapult.builders.VectorTest" time="0.001"/>
  <testcase name="serialization(BuilderTestItem)[29]" classname="io.nem.symbol.catapult.builders.VectorTest" time="0.003"/>
  <testcase name="serialization(BuilderTestItem)[30]" classname="io.nem.symbol.catapult.builders.VectorTest" time="0.0"/>
  <testcase name="serialization(BuilderTestItem)[31]" classname="io.nem.symbol.catapult.builders.VectorTest" time="0.001"/>
  <testcase name="serialization(BuilderTestItem)[32]" classname="io.nem.symbol.catapult.builders.VectorTest" time="0.004"/>
  <testcase name="serialization(BuilderTestItem)[33]" classname="io.nem.symbol.catapult.builders.VectorTest" time="0.003"/>
  <testcase name="serialization(BuilderTestItem)[34]" classname="io.nem.symbol.catapult.builders.VectorTest" time="0.002"/>
  <testcase name="serialization(BuilderTestItem)[35]" classname="io.nem.symbol.catapult.builders.VectorTest" time="0.002"/>
  <testcase name="serialization(BuilderTestItem)[36]" classname="io.nem.symbol.catapult.builders.VectorTest" time="0.001"/>
  <testcase name="serialization(BuilderTestItem)[37]" classname="io.nem.symbol.catapult.builders.VectorTest" time="0.002"/>
  <testcase name="serialization(BuilderTestItem)[38]" classname="io.nem.symbol.catapult.builders.VectorTest" time="0.003"/>
  <testcase name="serialization(BuilderTestItem)[39]" classname="io.nem.symbol.catapult.builders.VectorTest" time="0.001"/>
  <testcase name="serialization(BuilderTestItem)[40]" classname="io.nem.symbol.catapult.builders.VectorTest" time="0.002"/>
  <testcase name="serialization(BuilderTestItem)[41]" classname="io.nem.symbol.catapult.builders.VectorTest" time="0.001"/>
  <testcase name="serialization(BuilderTestItem)[42]" classname="io.nem.symbol.catapult.builders.VectorTest" time="0.002"/>
  <testcase name="serialization(BuilderTestItem)[43]" classname="io.nem.symbol.catapult.builders.VectorTest" time="0.002"/>
  <testcase name="serialization(BuilderTestItem)[44]" classname="io.nem.symbol.catapult.builders.VectorTest" time="0.004"/>
  <testcase name="serialization(BuilderTestItem)[45]" classname="io.nem.symbol.catapult.builders.VectorTest" time="0.0"/>
  <testcase name="serialization(BuilderTestItem)[46]" classname="io.nem.symbol.catapult.builders.VectorTest" time="0.002"/>
  <testcase name="serialization(BuilderTestItem)[47]" classname="io.nem.symbol.catapult.builders.VectorTest" time="0.001"/>
  <testcase name="serialization(BuilderTestItem)[48]" classname="io.nem.symbol.catapult.builders.VectorTest" time="0.001"/>
  <testcase name="serialization(BuilderTestItem)[49]" classname="io.nem.symbol.catapult.builders.VectorTest" time="0.001"/>
  <testcase name="serialization(BuilderTestItem)[50]" classname="io.nem.symbol.catapult.builders.VectorTest" time="0.003"/>
  <testcase name="serialization(BuilderTestItem)[51]" classname="io.nem.symbol.catapult.builders.VectorTest" time="0.001"/>
  <testcase name="serialization(BuilderTestItem)[52]" classname="io.nem.symbol.catapult.builders.VectorTest" time="0.002"/>
  <testcase name="serialization(BuilderTestItem)[53]" classname="io.nem.symbol.catapult.builders.VectorTest" time="0.003"/>
  <testcase name="serialization(BuilderTestItem)[54]" classname="io.nem.symbol.catapult.builders.VectorTest" time="0.001"/>
  <testcase name="serialization(BuilderTestItem)[55]" classname="io.nem.symbol.catapult.builders.VectorTest" time="0.002"/>
  <testcase name="serialization(BuilderTestItem)[56]" classname="io.nem.symbol.catapult.builders.VectorTest" time="0.005"/>
  <testcase name="serialization(BuilderTestItem)[57]" classname="io.nem.symbol.catapult.builders.VectorTest" time="0.0"/>
  <testcase name="serialization(BuilderTestItem)[58]" classname="io.nem.symbol.catapult.builders.VectorTest" time="0.002"/>
  <testcase name="serialization(BuilderTestItem)[59]" classname="io.nem.symbol.catapult.builders.VectorTest" time="0.004"/>
  <testcase name="serialization(BuilderTestItem)[60]" classname="io.nem.symbol.catapult.builders.VectorTest" time="0.001"/>
  <testcase name="serialization(BuilderTestItem)[61]" classname="io.nem.symbol.catapult.builders.VectorTest" time="0.001"/>
  <testcase name="serialization(BuilderTestItem)[62]" classname="io.nem.symbol.catapult.builders.VectorTest" time="0.0"/>
  <testcase name="serialization(BuilderTestItem)[63]" classname="io.nem.symbol.catapult.builders.VectorTest" time="0.001"/>
  <testcase name="serialization(BuilderTestItem)[64]" classname="io.nem.symbol.catapult.builders.VectorTest" time="0.0"/>
  <testcase name="serialization(BuilderTestItem)[65]" classname="io.nem.symbol.catapult.builders.VectorTest" time="0.003"/>
  <testcase name="serialization(BuilderTestItem)[66]" classname="io.nem.symbol.catapult.builders.VectorTest" time="0.0"/>
  <testcase name="serialization(BuilderTestItem)[67]" classname="io.nem.symbol.catapult.builders.VectorTest" time="0.001"/>
  <testcase name="serialization(BuilderTestItem)[68]" classname="io.nem.symbol.catapult.builders.VectorTest" time="0.0"/>
  <testcase name="serialization(BuilderTestItem)[69]" classname="io.nem.symbol.catapult.builders.VectorTest" time="0.001"/>
  <testcase name="serialization(BuilderTestItem)[70]" classname="io.nem.symbol.catapult.builders.VectorTest" time="0.0"/>
  <testcase name="serialization(BuilderTestItem)[71]" classname="io.nem.symbol.catapult.builders.VectorTest" time="0.001"/>
  <testcase name="serialization(BuilderTestItem)[72]" classname="io.nem.symbol.catapult.builders.VectorTest" time="0.0"/>
  <testcase name="serialization(BuilderTestItem)[73]" classname="io.nem.symbol.catapult.builders.VectorTest" time="0.001"/>
  <testcase name="serialization(BuilderTestItem)[74]" classname="io.nem.symbol.catapult.builders.VectorTest" time="0.003"/>
  <testcase name="serialization(BuilderTestItem)[75]" classname="io.nem.symbol.catapult.builders.VectorTest" time="0.0"/>
  <testcase name="serialization(BuilderTestItem)[76]" classname="io.nem.symbol.catapult.builders.VectorTest" time="0.001"/>
  <testcase name="serialization(BuilderTestItem)[77]" classname="io.nem.symbol.catapult.builders.VectorTest" time="0.0"/>
  <testcase name="serialization(BuilderTestItem)[78]" classname="io.nem.symbol.catapult.builders.VectorTest" time="0.001"/>
  <testcase name="serialization(BuilderTestItem)[79]" classname="io.nem.symbol.catapult.builders.VectorTest" time="0.0"/>
  <testcase name="serialization(BuilderTestItem)[80]" classname="io.nem.symbol.catapult.builders.VectorTest" time="0.001"/>
  <testcase name="serialization(BuilderTestItem)[81]" classname="io.nem.symbol.catapult.builders.VectorTest" time="0.004"/>
  <testcase name="serialization(BuilderTestItem)[82]" classname="io.nem.symbol.catapult.builders.VectorTest" time="0.0"/>
  <testcase name="serialization(BuilderTestItem)[83]" classname="io.nem.symbol.catapult.builders.VectorTest" time="0.001"/>
  <testcase name="serialization(BuilderTestItem)[84]" classname="io.nem.symbol.catapult.builders.VectorTest" time="0.007"/>
  <testcase name="serialization(BuilderTestItem)[85]" classname="io.nem.symbol.catapult.builders.VectorTest" time="0.001"/>
  <testcase name="serialization(BuilderTestItem)[86]" classname="io.nem.symbol.catapult.builders.VectorTest" time="0.001"/>
  <testcase name="serialization(BuilderTestItem)[87]" classname="io.nem.symbol.catapult.builders.VectorTest" time="0.002"/>
  <testcase name="serialization(BuilderTestItem)[88]" classname="io.nem.symbol.catapult.builders.VectorTest" time="0.004"/>
  <testcase name="serialization(BuilderTestItem)[89]" classname="io.nem.symbol.catapult.builders.VectorTest" time="0.0"/>
  <testcase name="serialization(BuilderTestItem)[90]" classname="io.nem.symbol.catapult.builders.VectorTest" time="0.017"/>
  <testcase name="serialization(BuilderTestItem)[91]" classname="io.nem.symbol.catapult.builders.VectorTest" time="0.0"/>
  <testcase name="serialization(BuilderTestItem)[92]" classname="io.nem.symbol.catapult.builders.VectorTest" time="0.001"/>
  <testcase name="serialization(BuilderTestItem)[93]" classname="io.nem.symbol.catapult.builders.VectorTest" time="0.001"/>
  <testcase name="serialization(BuilderTestItem)[94]" classname="io.nem.symbol.catapult.builders.VectorTest" time="0.0"/>
  <testcase name="serialization(BuilderTestItem)[95]" classname="io.nem.symbol.catapult.builders.VectorTest" time="0.004"/>
  <testcase name="serialization(BuilderTestItem)[96]" classname="io.nem.symbol.catapult.builders.VectorTest" time="0.001"/>
  <testcase name="serialization(BuilderTestItem)[97]" classname="io.nem.symbol.catapult.builders.VectorTest" time="0.001"/>
  <testcase name="serialization(BuilderTestItem)[98]" classname="io.nem.symbol.catapult.builders.VectorTest" time="0.001"/>
  <testcase name="serialization(BuilderTestItem)[99]" classname="io.nem.symbol.catapult.builders.VectorTest" time="0.001"/>
  <testcase name="serialization(BuilderTestItem)[100]" classname="io.nem.symbol.catapult.builders.VectorTest" time="0.001"/>
  <testcase name="serialization(BuilderTestItem)[101]" classname="io.nem.symbol.catapult.builders.VectorTest" time="0.0"/>
  <testcase name="serialization(BuilderTestItem)[102]" classname="io.nem.symbol.catapult.builders.VectorTest" time="0.001"/>
  <testcase name="serialization(BuilderTestItem)[103]" classname="io.nem.symbol.catapult.builders.VectorTest" time="0.001"/>
  <testcase name="serialization(BuilderTestItem)[104]" classname="io.nem.symbol.catapult.builders.VectorTest" time="0.0"/>
  <testcase name="serialization(BuilderTestItem)[105]" classname="io.nem.symbol.catapult.builders.VectorTest" time="0.0"/>
  <testcase name="serialization(BuilderTestItem)[106]" classname="io.nem.symbol.catapult.builders.VectorTest" time="0.0"/>
  <testcase name="serialization(BuilderTestItem)[107]" classname="io.nem.symbol.catapult.builders.VectorTest" time="0.0"/>
  <testcase name="serialization(BuilderTestItem)[108]" classname="io.nem.symbol.catapult.builders.VectorTest" time="0.001"/>
  <testcase name="serialization(BuilderTestItem)[109]" classname="io.nem.symbol.catapult.builders.VectorTest" time="0.0"/>
  <testcase name="serialization(BuilderTestItem)[110]" classname="io.nem.symbol.catapult.builders.VectorTest" time="0.003"/>
  <testcase name="serialization(BuilderTestItem)[111]" classname="io.nem.symbol.catapult.builders.VectorTest" time="0.0"/>
  <testcase name="serialization(BuilderTestItem)[112]" classname="io.nem.symbol.catapult.builders.VectorTest" time="0.001"/>
  <testcase name="serialization(BuilderTestItem)[113]" classname="io.nem.symbol.catapult.builders.VectorTest" time="0.001"/>
  <testcase name="serialization(BuilderTestItem)[114]" classname="io.nem.symbol.catapult.builders.VectorTest" time="0.001"/>
  <testcase name="serialization(BuilderTestItem)[115]" classname="io.nem.symbol.catapult.builders.VectorTest" time="0.001"/>
  <testcase name="serialization(BuilderTestItem)[116]" classname="io.nem.symbol.catapult.builders.VectorTest" time="0.0"/>
  <testcase name="serialization(BuilderTestItem)[117]" classname="io.nem.symbol.catapult.builders.VectorTest" time="0.001"/>
  <testcase name="serialization(BuilderTestItem)[118]" classname="io.nem.symbol.catapult.builders.VectorTest" time="0.0"/>
  <testcase name="serialization(BuilderTestItem)[119]" classname="io.nem.symbol.catapult.builders.VectorTest" time="0.001"/>
  <testcase name="serialization(BuilderTestItem)[120]" classname="io.nem.symbol.catapult.builders.VectorTest" time="0.001"/>
  <testcase name="serialization(BuilderTestItem)[121]" classname="io.nem.symbol.catapult.builders.VectorTest" time="0.001"/>
  <testcase name="serialization(BuilderTestItem)[122]" classname="io.nem.symbol.catapult.builders.VectorTest" time="0.0"/>
  <testcase name="serialization(BuilderTestItem)[123]" classname="io.nem.symbol.catapult.builders.VectorTest" time="0.0"/>
  <testcase name="serialization(BuilderTestItem)[124]" classname="io.nem.symbol.catapult.builders.VectorTest" time="0.001"/>
  <testcase name="serialization(BuilderTestItem)[125]" classname="io.nem.symbol.catapult.builders.VectorTest" time="0.002"/>
  <testcase name="serialization(BuilderTestItem)[126]" classname="io.nem.symbol.catapult.builders.VectorTest" time="0.001"/>
  <testcase name="serialization(BuilderTestItem)[127]" classname="io.nem.symbol.catapult.builders.VectorTest" time="0.0"/>
  <testcase name="serialization(BuilderTestItem)[128]" classname="io.nem.symbol.catapult.builders.VectorTest" time="0.005"/>
  <testcase name="serialization(BuilderTestItem)[129]" classname="io.nem.symbol.catapult.builders.VectorTest" time="0.002"/>
  <testcase name="serialization(BuilderTestItem)[130]" classname="io.nem.symbol.catapult.builders.VectorTest" time="0.0"/>
  <testcase name="serialization(BuilderTestItem)[131]" classname="io.nem.symbol.catapult.builders.VectorTest" time="0.001"/>
  <testcase name="serialization(BuilderTestItem)[132]" classname="io.nem.symbol.catapult.builders.VectorTest" time="0.001"/>
  <testcase name="serialization(BuilderTestItem)[133]" classname="io.nem.symbol.catapult.builders.VectorTest" time="0.001"/>
  <testcase name="serialization(BuilderTestItem)[134]" classname="io.nem.symbol.catapult.builders.VectorTest" time="0.0"/>
  <testcase name="serialization(BuilderTestItem)[135]" classname="io.nem.symbol.catapult.builders.VectorTest" time="0.001"/>
  <testcase name="serialization(BuilderTestItem)[136]" classname="io.nem.symbol.catapult.builders.VectorTest" time="0.001"/>
  <testcase name="serialization(BuilderTestItem)[137]" classname="io.nem.symbol.catapult.builders.VectorTest" time="0.0"/>
  <testcase name="serialization(BuilderTestItem)[138]" classname="io.nem.symbol.catapult.builders.VectorTest" time="0.001"/>
  <testcase name="serialization(BuilderTestItem)[139]" classname="io.nem.symbol.catapult.builders.VectorTest" time="0.001"/>
  <testcase name="serialization(BuilderTestItem)[140]" classname="io.nem.symbol.catapult.builders.VectorTest" time="0.0"/>
  <testcase name="serialization(BuilderTestItem)[141]" classname="io.nem.symbol.catapult.builders.VectorTest" time="0.004"/>
  <testcase name="serialization(BuilderTestItem)[142]" classname="io.nem.symbol.catapult.builders.VectorTest" time="0.004"/>
  <testcase name="serialization(BuilderTestItem)[143]" classname="io.nem.symbol.catapult.builders.VectorTest" time="0.005"/>
  <testcase name="serialization(BuilderTestItem)[144]" classname="io.nem.symbol.catapult.builders.VectorTest" time="0.0"/>
  <testcase name="serialization(BuilderTestItem)[145]" classname="io.nem.symbol.catapult.builders.VectorTest" time="0.0"/>
  <testcase name="serialization(BuilderTestItem)[146]" classname="io.nem.symbol.catapult.builders.VectorTest" time="0.014"/>
  <testcase name="serialization(BuilderTestItem)[147]" classname="io.nem.symbol.catapult.builders.VectorTest" time="0.002"/>
  <testcase name="serialization(BuilderTestItem)[148]" classname="io.nem.symbol.catapult.builders.VectorTest" time="0.0"/>
  <testcase name="serialization(BuilderTestItem)[149]" classname="io.nem.symbol.catapult.builders.VectorTest" time="0.0"/>
  <testcase name="serialization(BuilderTestItem)[150]" classname="io.nem.symbol.catapult.builders.VectorTest" time="0.006"/>
  <system-out><![CDATA[]]></system-out>
  <system-err><![CDATA[]]></system-err>
</testsuite>
